#
# There is insufficient memory for the Java Runtime Environment to continue.
# Native memory allocation (malloc) failed to allocate 951936 bytes for Chunk::new
# Possible reasons:
#   The system is out of physical RAM or swap space
#   The process is running with CompressedOops enabled, and the Java Heap may be blocking the growth of the native heap
# Possible solutions:
#   Reduce memory load on the system
#   Increase physical memory or swap space
#   Check if swap backing store is full
#   Decrease Java heap size (-Xmx/-Xms)
#   Decrease number of Java threads
#   Decrease Java thread stack sizes (-Xss)
#   Set larger code cache with -XX:ReservedCodeCacheSize=
#   JVM is running with Zero Based Compressed Oops mode in which the Java heap is
#     placed in the first 32GB address space. The Java Heap base address is the
#     maximum limit for the native heap growth. Please use -XX:HeapBaseMinAddress
#     to set the Java Heap base and to place the Java Heap above 32GB virtual address.
# This output file may be truncated or incomplete.
#
#  Out of Memory Error (allocation.cpp:390), pid=31128, tid=0x000000000000333c
#
# JRE version: Java(TM) SE Runtime Environment (8.0_192-b12) (build 1.8.0_192-b12)
# Java VM: Java HotSpot(TM) 64-Bit Server VM (25.192-b12 mixed mode windows-amd64 compressed oops)
# Failed to write core dump. Minidumps are not enabled by default on client versions of Windows
#

---------------  T H R E A D  ---------------

Current thread (0x000000001e3ec800):  JavaThread "C2 CompilerThread2" daemon [_thread_in_native, id=13116, stack(0x000000001ed50000,0x000000001ee50000)]

Stack: [0x000000001ed50000,0x000000001ee50000]
[error occurred during error reporting (printing stack bounds), id 0xc0000005]

Native frames: (J=compiled Java code, j=interpreted, Vv=VM code, C=native code)


Current CompileTask:
C2:  15390 4481       4       org.springframework.boot.context.properties.source.SpringConfigurationPropertySources$SourcesIterator::fetchNext (138 bytes)


---------------  P R O C E S S  ---------------

Java Threads: ( => current thread )
  0x00000000221c3000 JavaThread "HikariPool-1 connection adder" daemon [_thread_blocked, id=38176, stack(0x0000000025d90000,0x0000000025e90000)]
  0x00000000221be000 JavaThread "HikariPool-1 housekeeper" daemon [_thread_blocked, id=39728, stack(0x0000000025880000,0x0000000025980000)]
  0x0000000024b82000 JavaThread "container-0" [_thread_blocked, id=33304, stack(0x0000000025560000,0x0000000025660000)]
  0x00000000248eb800 JavaThread "Catalina-utility-2" [_thread_blocked, id=38100, stack(0x0000000023fc0000,0x00000000240c0000)]
  0x000000001f78f000 JavaThread "Catalina-utility-1" [_thread_blocked, id=37292, stack(0x0000000023c00000,0x0000000023d00000)]
  0x000000001e475000 JavaThread "Service Thread" daemon [_thread_blocked, id=37264, stack(0x000000001ef50000,0x000000001f050000)]
  0x000000001e428800 JavaThread "C1 CompilerThread3" daemon [_thread_blocked, id=34892, stack(0x000000001ee50000,0x000000001ef50000)]
=>0x000000001e3ec800 JavaThread "C2 CompilerThread2" daemon [_thread_in_native, id=13116, stack(0x000000001ed50000,0x000000001ee50000)]
  0x000000001e3e8800 JavaThread "C2 CompilerThread1" daemon [_thread_in_native, id=5920, stack(0x000000001ec50000,0x000000001ed50000)]
  0x000000001e3e3800 JavaThread "C2 CompilerThread0" daemon [_thread_in_native, id=26820, stack(0x000000001eb50000,0x000000001ec50000)]
  0x000000001e3dd000 JavaThread "Attach Listener" daemon [_thread_blocked, id=20332, stack(0x000000001ea50000,0x000000001eb50000)]
  0x000000001e3dc800 JavaThread "Signal Dispatcher" daemon [_thread_blocked, id=38580, stack(0x000000001e950000,0x000000001ea50000)]
  0x000000001e370800 JavaThread "Finalizer" daemon [_thread_blocked, id=33584, stack(0x000000001e750000,0x000000001e850000)]
  0x0000000002a3e000 JavaThread "Reference Handler" daemon [_thread_blocked, id=26428, stack(0x000000001e250000,0x000000001e350000)]
  0x0000000002947000 JavaThread "main" [_thread_in_native, id=33404, stack(0x0000000002840000,0x0000000002940000)]

Other Threads:
  0x000000001c469000 VMThread [stack: 0x000000001e150000,0x000000001e250000] [id=32112]
  0x000000001e4c4000 WatcherThread [stack: 0x000000001f050000,0x000000001f150000] [id=29848]

VM state:not at safepoint (normal execution)

VM Mutex/Monitor currently owned by a thread: None

heap address: 0x00000006c1a00000, size: 4070 MB, Compressed Oops mode: Zero based, Oop shift amount: 3
Narrow klass base: 0x0000000000000000, Narrow klass shift: 3
Compressed class space size: 1073741824 Address: 0x00000007c0000000

Heap:
 PSYoungGen      total 141824K, used 28204K [0x000000076b380000, 0x0000000774880000, 0x00000007c0000000)
  eden space 131072K, 13% used [0x000000076b380000,0x000000076c48cad8,0x0000000773380000)
  from space 10752K, 99% used [0x0000000773e00000,0x000000077487e810,0x0000000774880000)
  to   space 10752K, 0% used [0x0000000773380000,0x0000000773380000,0x0000000773e00000)
 ParOldGen       total 97792K, used 18966K [0x00000006c1a00000, 0x00000006c7980000, 0x000000076b380000)
  object space 97792K, 19% used [0x00000006c1a00000,0x00000006c2c85a50,0x00000006c7980000)
 Metaspace       used 56572K, capacity 59882K, committed 60080K, reserved 1101824K
  class space    used 7878K, capacity 8425K, committed 8448K, reserved 1048576K

Card table byte_map: [0x0000000011e00000,0x0000000012600000] byte_map_base: 0x000000000e7f3000

Marking Bits: (ParMarkBitMap*) 0x0000000051763ce0
 Begin Bits: [0x0000000013350000, 0x00000000172e8000)
 End Bits:   [0x00000000172e8000, 0x000000001b280000)

Polling page: 0x0000000002300000

CodeCache: size=245760Kb used=15255Kb max_used=15310Kb free=230504Kb
 bounds [0x0000000002a40000, 0x0000000003940000, 0x0000000011a40000]
 total_blobs=4606 nmethods=4091 adapters=426
 compilation: enabled

Compilation events (10 events):
Event: 15.084 Thread 0x000000001e428800 4526       3       org.springframework.beans.factory.support.AbstractAutowireCapableBeanFactory::applyBeanPostProcessorsBeforeInstantiation (57 bytes)
Event: 15.084 Thread 0x000000001e428800 nmethod 4526 0x000000000390bf50 code [0x000000000390c120, 0x000000000390c848]
Event: 15.085 Thread 0x000000001e428800 4527       3       org.springframework.beans.factory.support.AbstractAutowireCapableBeanFactory::populateBean (372 bytes)
Event: 15.089 Thread 0x000000001e428800 nmethod 4527 0x000000000390cad0 code [0x000000000390cf40, 0x00000000039100d8]
Event: 15.094 Thread 0x000000001e428800 4528       3       org.springframework.core.convert.support.GenericConversionService$Converters::getRegisteredConverter (93 bytes)
Event: 15.095 Thread 0x000000001e428800 nmethod 4528 0x0000000003911590 code [0x0000000003911780, 0x0000000003912198]
Event: 15.095 Thread 0x000000001e428800 4529       3       java.util.concurrent.CopyOnWriteArraySet::iterator (8 bytes)
Event: 15.095 Thread 0x000000001e428800 nmethod 4529 0x00000000039124d0 code [0x0000000003912640, 0x0000000003912ab0]
Event: 15.273 Thread 0x000000001e3e3800 nmethod 4341 0x0000000003920750 code [0x0000000003920e00, 0x000000000392b9b0]
Event: 15.274 Thread 0x000000001e3e3800 4495       4       org.springframework.core.annotation.TypeMappedAnnotations$MergedAnnotationFinder::doWithAnnotations (75 bytes)

GC Heap History (10 events):
Event: 9.251 GC heap before
{Heap before GC invocations=6 (full 1):
 PSYoungGen      total 141824K, used 131072K [0x000000076b380000, 0x0000000774880000, 0x00000007c0000000)
  eden space 131072K, 100% used [0x000000076b380000,0x0000000773380000,0x0000000773380000)
  from space 10752K, 0% used [0x0000000773e00000,0x0000000773e00000,0x0000000774880000)
  to   space 10752K, 0% used [0x0000000773380000,0x0000000773380000,0x0000000773e00000)
 ParOldGen       total 76800K, used 5640K [0x00000006c1a00000, 0x00000006c6500000, 0x000000076b380000)
  object space 76800K, 7% used [0x00000006c1a00000,0x00000006c1f82270,0x00000006c6500000)
 Metaspace       used 31300K, capacity 33298K, committed 33536K, reserved 1079296K
  class space    used 4175K, capacity 4545K, committed 4608K, reserved 1048576K
Event: 9.265 GC heap after
Heap after GC invocations=6 (full 1):
 PSYoungGen      total 141824K, used 10735K [0x000000076b380000, 0x0000000774880000, 0x00000007c0000000)
  eden space 131072K, 0% used [0x000000076b380000,0x000000076b380000,0x0000000773380000)
  from space 10752K, 99% used [0x0000000773380000,0x0000000773dfbe90,0x0000000773e00000)
  to   space 10752K, 0% used [0x0000000773e00000,0x0000000773e00000,0x0000000774880000)
 ParOldGen       total 76800K, used 11024K [0x00000006c1a00000, 0x00000006c6500000, 0x000000076b380000)
  object space 76800K, 14% used [0x00000006c1a00000,0x00000006c24c4288,0x00000006c6500000)
 Metaspace       used 31300K, capacity 33298K, committed 33536K, reserved 1079296K
  class space    used 4175K, capacity 4545K, committed 4608K, reserved 1048576K
}
Event: 10.224 GC heap before
{Heap before GC invocations=7 (full 1):
 PSYoungGen      total 141824K, used 92852K [0x000000076b380000, 0x0000000774880000, 0x00000007c0000000)
  eden space 131072K, 62% used [0x000000076b380000,0x00000007703b11f0,0x0000000773380000)
  from space 10752K, 99% used [0x0000000773380000,0x0000000773dfbe90,0x0000000773e00000)
  to   space 10752K, 0% used [0x0000000773e00000,0x0000000773e00000,0x0000000774880000)
 ParOldGen       total 76800K, used 11024K [0x00000006c1a00000, 0x00000006c6500000, 0x000000076b380000)
  object space 76800K, 14% used [0x00000006c1a00000,0x00000006c24c4288,0x00000006c6500000)
 Metaspace       used 33810K, capacity 35938K, committed 36048K, reserved 1081344K
  class space    used 4511K, capacity 4909K, committed 4992K, reserved 1048576K
Event: 10.234 GC heap after
Heap after GC invocations=7 (full 1):
 PSYoungGen      total 141824K, used 9022K [0x000000076b380000, 0x0000000774880000, 0x00000007c0000000)
  eden space 131072K, 0% used [0x000000076b380000,0x000000076b380000,0x0000000773380000)
  from space 10752K, 83% used [0x0000000773e00000,0x00000007746cf9d8,0x0000000774880000)
  to   space 10752K, 0% used [0x0000000773380000,0x0000000773380000,0x0000000773e00000)
 ParOldGen       total 76800K, used 11032K [0x00000006c1a00000, 0x00000006c6500000, 0x000000076b380000)
  object space 76800K, 14% used [0x00000006c1a00000,0x00000006c24c6288,0x00000006c6500000)
 Metaspace       used 33810K, capacity 35938K, committed 36048K, reserved 1081344K
  class space    used 4511K, capacity 4909K, committed 4992K, reserved 1048576K
}
Event: 10.234 GC heap before
{Heap before GC invocations=8 (full 2):
 PSYoungGen      total 141824K, used 9022K [0x000000076b380000, 0x0000000774880000, 0x00000007c0000000)
  eden space 131072K, 0% used [0x000000076b380000,0x000000076b380000,0x0000000773380000)
  from space 10752K, 83% used [0x0000000773e00000,0x00000007746cf9d8,0x0000000774880000)
  to   space 10752K, 0% used [0x0000000773380000,0x0000000773380000,0x0000000773e00000)
 ParOldGen       total 76800K, used 11032K [0x00000006c1a00000, 0x00000006c6500000, 0x000000076b380000)
  object space 76800K, 14% used [0x00000006c1a00000,0x00000006c24c6288,0x00000006c6500000)
 Metaspace       used 33810K, capacity 35938K, committed 36048K, reserved 1081344K
  class space    used 4511K, capacity 4909K, committed 4992K, reserved 1048576K
Event: 10.290 GC heap after
Heap after GC invocations=8 (full 2):
 PSYoungGen      total 141824K, used 0K [0x000000076b380000, 0x0000000774880000, 0x00000007c0000000)
  eden space 131072K, 0% used [0x000000076b380000,0x000000076b380000,0x0000000773380000)
  from space 10752K, 0% used [0x0000000773e00000,0x0000000773e00000,0x0000000774880000)
  to   space 10752K, 0% used [0x0000000773380000,0x0000000773380000,0x0000000773e00000)
 ParOldGen       total 97792K, used 13833K [0x00000006c1a00000, 0x00000006c7980000, 0x000000076b380000)
  object space 97792K, 14% used [0x00000006c1a00000,0x00000006c27827a8,0x00000006c7980000)
 Metaspace       used 33810K, capacity 35938K, committed 36048K, reserved 1081344K
  class space    used 4511K, capacity 4909K, committed 4992K, reserved 1048576K
}
Event: 12.244 GC heap before
{Heap before GC invocations=9 (full 2):
 PSYoungGen      total 141824K, used 131072K [0x000000076b380000, 0x0000000774880000, 0x00000007c0000000)
  eden space 131072K, 100% used [0x000000076b380000,0x0000000773380000,0x0000000773380000)
  from space 10752K, 0% used [0x0000000773e00000,0x0000000773e00000,0x0000000774880000)
  to   space 10752K, 0% used [0x0000000773380000,0x0000000773380000,0x0000000773e00000)
 ParOldGen       total 97792K, used 13833K [0x00000006c1a00000, 0x00000006c7980000, 0x000000076b380000)
  object space 97792K, 14% used [0x00000006c1a00000,0x00000006c27827a8,0x00000006c7980000)
 Metaspace       used 45277K, capacity 47566K, committed 47872K, reserved 1091584K
  class space    used 6181K, capacity 6583K, committed 6656K, reserved 1048576K
Event: 12.251 GC heap after
Heap after GC invocations=9 (full 2):
 PSYoungGen      total 141824K, used 10736K [0x000000076b380000, 0x0000000774880000, 0x00000007c0000000)
  eden space 131072K, 0% used [0x000000076b380000,0x000000076b380000,0x0000000773380000)
  from space 10752K, 99% used [0x0000000773380000,0x0000000773dfc350,0x0000000773e00000)
  to   space 10752K, 0% used [0x0000000773e00000,0x0000000773e00000,0x0000000774880000)
 ParOldGen       total 97792K, used 14861K [0x00000006c1a00000, 0x00000006c7980000, 0x000000076b380000)
  object space 97792K, 15% used [0x00000006c1a00000,0x00000006c2883410,0x00000006c7980000)
 Metaspace       used 45277K, capacity 47566K, committed 47872K, reserved 1091584K
  class space    used 6181K, capacity 6583K, committed 6656K, reserved 1048576K
}
Event: 14.543 GC heap before
{Heap before GC invocations=10 (full 2):
 PSYoungGen      total 141824K, used 141808K [0x000000076b380000, 0x0000000774880000, 0x00000007c0000000)
  eden space 131072K, 100% used [0x000000076b380000,0x0000000773380000,0x0000000773380000)
  from space 10752K, 99% used [0x0000000773380000,0x0000000773dfc350,0x0000000773e00000)
  to   space 10752K, 0% used [0x0000000773e00000,0x0000000773e00000,0x0000000774880000)
 ParOldGen       total 97792K, used 14861K [0x00000006c1a00000, 0x00000006c7980000, 0x000000076b380000)
  object space 97792K, 15% used [0x00000006c1a00000,0x00000006c2883410,0x00000006c7980000)
 Metaspace       used 55410K, capacity 58512K, committed 58752K, reserved 1099776K
  class space    used 7715K, capacity 8232K, committed 8320K, reserved 1048576K
Event: 14.563 GC heap after
Heap after GC invocations=10 (full 2):
 PSYoungGen      total 141824K, used 10746K [0x000000076b380000, 0x0000000774880000, 0x00000007c0000000)
  eden space 131072K, 0% used [0x000000076b380000,0x000000076b380000,0x0000000773380000)
  from space 10752K, 99% used [0x0000000773e00000,0x000000077487e810,0x0000000774880000)
  to   space 10752K, 0% used [0x0000000773380000,0x0000000773380000,0x0000000773e00000)
 ParOldGen       total 97792K, used 18966K [0x00000006c1a00000, 0x00000006c7980000, 0x000000076b380000)
  object space 97792K, 19% used [0x00000006c1a00000,0x00000006c2c85a50,0x00000006c7980000)
 Metaspace       used 55410K, capacity 58512K, committed 58752K, reserved 1099776K
  class space    used 7715K, capacity 8232K, committed 8320K, reserved 1048576K
}

Deoptimization events (10 events):
Event: 14.219 Thread 0x0000000002947000 Uncommon trap: reason=unstable_if action=reinterpret pc=0x00000000036de7e0 method=org.springframework.core.ResolvableType.resolveType()Lorg/springframework/core/ResolvableType; @ 37
Event: 14.222 Thread 0x0000000002947000 Uncommon trap: reason=unstable_if action=reinterpret pc=0x00000000037b06d4 method=org.springframework.beans.factory.support.AbstractBeanFactory.isTypeMatch(Ljava/lang/String;Lorg/springframework/core/ResolvableType;Z)Z @ 559
Event: 14.520 Thread 0x0000000002947000 Uncommon trap: reason=unstable_if action=reinterpret pc=0x0000000003701bbc method=org.springframework.core.annotation.TypeMappedAnnotations$MergedAnnotationFinder.process(Ljava/lang/Object;ILjava/lang/Object;Ljava/lang/annotation/Annotation;)Lorg/springfr
Event: 14.589 Thread 0x0000000002947000 Uncommon trap: reason=unstable_if action=reinterpret pc=0x0000000003770524 method=org.springframework.core.annotation.TypeMappedAnnotations$MergedAnnotationFinder.process(Ljava/lang/Object;ILjava/lang/Object;Ljava/lang/annotation/Annotation;)Lorg/springfr
Event: 14.599 Thread 0x0000000002947000 Uncommon trap: reason=unstable_if action=reinterpret pc=0x0000000003538ed8 method=org.springframework.core.annotation.AnnotationsScanner.isWithoutHierarchy(Ljava/lang/reflect/AnnotatedElement;Lorg/springframework/core/annotation/MergedAnnotations$SearchSt
Event: 14.812 Thread 0x0000000002947000 Uncommon trap: reason=unstable_if action=reinterpret pc=0x00000000037fcff0 method=org.springframework.core.annotation.AnnotationsScanner.processClassHierarchy(Ljava/lang/Object;[ILjava/lang/Class;Lorg/springframework/core/annotation/AnnotationsProcessor;Z
Event: 14.858 Thread 0x0000000002947000 Uncommon trap: reason=class_check action=maybe_recompile pc=0x0000000002db6498 method=org.springframework.boot.context.properties.source.ConfigurationPropertyName$Elements.charAt(II)C @ 43
Event: 14.858 Thread 0x0000000002947000 Uncommon trap: reason=class_check action=maybe_recompile pc=0x0000000002db6498 method=org.springframework.boot.context.properties.source.ConfigurationPropertyName$Elements.charAt(II)C @ 43
Event: 14.879 Thread 0x0000000002947000 Uncommon trap: reason=null_check action=make_not_entrant pc=0x0000000003245e04 method=org.springframework.util.ClassUtils.isAssignable(Ljava/lang/Class;Ljava/lang/Class;)Z @ 14
Event: 14.879 Thread 0x0000000002947000 Uncommon trap: reason=unstable_if action=reinterpret pc=0x00000000032405d0 method=java.util.IdentityHashMap.nextKeyIndex(II)I @ 4

Classes redefined (0 events):
No events

Internal exceptions (10 events):
Event: 14.128 Thread 0x0000000002947000 Exception <a 'java/lang/ClassNotFoundException': org/springframework/beans/factory/AwareCustomizer> (0x000000077224a730) thrown at [C:\workspace\8-2-build-windows-amd64-cygwin\jdk8u192\11897\hotspot\src\share\vm\classfile\systemDictionary.cpp, line 210]
Event: 14.128 Thread 0x0000000002947000 Exception <a 'java/lang/ClassNotFoundException': org/springframework/context/ApplicationContextAwareCustomizer> (0x0000000772267a88) thrown at [C:\workspace\8-2-build-windows-amd64-cygwin\jdk8u192\11897\hotspot\src\share\vm\classfile\systemDictionary.cpp,
Event: 14.129 Thread 0x0000000002947000 Exception <a 'java/lang/ClassNotFoundException': org/springframework/beans/factory/AwareCustomizer> (0x0000000772281bd8) thrown at [C:\workspace\8-2-build-windows-amd64-cygwin\jdk8u192\11897\hotspot\src\share\vm\classfile\systemDictionary.cpp, line 210]
Event: 14.130 Thread 0x0000000002947000 Exception <a 'java/lang/ClassNotFoundException': org/springframework/web/context/ServletContextAwareCustomizer> (0x000000077229ef28) thrown at [C:\workspace\8-2-build-windows-amd64-cygwin\jdk8u192\11897\hotspot\src\share\vm\classfile\systemDictionary.cpp,
Event: 14.130 Thread 0x0000000002947000 Exception <a 'java/lang/ClassNotFoundException': org/springframework/beans/factory/AwareCustomizer> (0x00000007722b8ae8) thrown at [C:\workspace\8-2-build-windows-amd64-cygwin\jdk8u192\11897\hotspot\src\share\vm\classfile\systemDictionary.cpp, line 210]
Event: 14.667 Thread 0x0000000002947000 Exception <a 'java/lang/IncompatibleClassChangeError': Found class java.lang.Object, but interface was expected> (0x000000076b687ed0) thrown at [C:\workspace\8-2-build-windows-amd64-cygwin\jdk8u192\11897\hotspot\src\share\vm\interpreter\linkResolver.cpp, 
Event: 15.078 Thread 0x0000000002947000 Exception <a 'java/lang/ClassNotFoundException': java/lang/ObjectCustomizer> (0x000000076c2bd8b8) thrown at [C:\workspace\8-2-build-windows-amd64-cygwin\jdk8u192\11897\hotspot\src\share\vm\classfile\systemDictionary.cpp, line 210]
Event: 15.079 Thread 0x0000000002947000 Exception <a 'java/lang/ClassNotFoundException': org/springframework/cloud/client/discovery/simple/SimpleDiscoveryClientAutoConfigurationCustomizer> (0x000000076c2eb880) thrown at [C:\workspace\8-2-build-windows-amd64-cygwin\jdk8u192\11897\hotspot\src\sha
Event: 15.080 Thread 0x0000000002947000 Exception <a 'java/lang/ClassNotFoundException': org/springframework/context/ApplicationListenerCustomizer> (0x000000076c311a40) thrown at [C:\workspace\8-2-build-windows-amd64-cygwin\jdk8u192\11897\hotspot\src\share\vm\classfile\systemDictionary.cpp, lin
Event: 15.081 Thread 0x0000000002947000 Exception <a 'java/lang/ClassNotFoundException': java/util/EventListenerCustomizer> (0x000000076c320c00) thrown at [C:\workspace\8-2-build-windows-amd64-cygwin\jdk8u192\11897\hotspot\src\share\vm\classfile\systemDictionary.cpp, line 210]

Events (10 events):
Event: 15.080 loading class org/springframework/context/ApplicationListenerCustomizer
Event: 15.080 loading class org/springframework/context/ApplicationListenerCustomizer done
Event: 15.081 loading class java/util/EventListenerCustomizer
Event: 15.081 loading class java/util/EventListenerCustomizer done
Event: 15.081 loading class java/util/EventListenerCustomizer
Event: 15.081 loading class java/util/EventListenerCustomizer done
Event: 15.086 loading class org/springframework/core/convert/support/StringToNumberConverterFactory$StringToNumber
Event: 15.086 loading class org/springframework/core/convert/support/StringToNumberConverterFactory$StringToNumber done
Event: 15.088 loading class sun/reflect/UnsafeIntegerFieldAccessorImpl
Event: 15.088 loading class sun/reflect/UnsafeIntegerFieldAccessorImpl done


Dynamic libraries:
0x00007ff75b9b0000 - 0x00007ff75b9e7000 	C:\Program Files\Java\jre1.8.0_192\bin\javaw.exe
0x00007ffe770a0000 - 0x00007ffe77281000 	C:\WINDOWS\SYSTEM32\ntdll.dll
0x00007ffe75cf0000 - 0x00007ffe75da1000 	C:\WINDOWS\System32\KERNEL32.DLL
0x00007ffe73450000 - 0x00007ffe736c3000 	C:\WINDOWS\System32\KERNELBASE.dll
0x00007ffe76bc0000 - 0x00007ffe76c61000 	C:\WINDOWS\System32\ADVAPI32.dll
0x00007ffe76990000 - 0x00007ffe76a2e000 	C:\WINDOWS\System32\msvcrt.dll
0x00007ffe75c00000 - 0x00007ffe75c5b000 	C:\WINDOWS\System32\sechost.dll
0x00007ffe76dd0000 - 0x00007ffe76ef2000 	C:\WINDOWS\System32\RPCRT4.dll
0x00007ffe74520000 - 0x00007ffe746b0000 	C:\WINDOWS\System32\USER32.dll
0x00007ffe74040000 - 0x00007ffe74060000 	C:\WINDOWS\System32\win32u.dll
0x00007ffe75cc0000 - 0x00007ffe75ce8000 	C:\WINDOWS\System32\GDI32.dll
0x00007ffe74190000 - 0x00007ffe74324000 	C:\WINDOWS\System32\gdi32full.dll
0x00007ffe736d0000 - 0x00007ffe7376f000 	C:\WINDOWS\System32\msvcp_win.dll
0x00007ffe73770000 - 0x00007ffe73868000 	C:\WINDOWS\System32\ucrtbase.dll
0x00007ffe71c40000 - 0x00007ffe71ea9000 	C:\WINDOWS\WinSxS\amd64_microsoft.windows.common-controls_6595b64144ccf1df_6.0.17134.2208_none_d3fb8d057c943d4a\COMCTL32.dll
0x00007ffe75e40000 - 0x00007ffe76162000 	C:\WINDOWS\System32\combase.dll
0x00007ffe74060000 - 0x00007ffe740d9000 	C:\WINDOWS\System32\bcryptPrimitives.dll
0x00007ffe746b0000 - 0x00007ffe746dd000 	C:\WINDOWS\System32\IMM32.DLL
0x00007ffdf3870000 - 0x00007ffdf3ee0000 	C:\Program Files\McAfee\DLP\Agent\fcagpph64.dll
0x00007ffe746e0000 - 0x00007ffe75b26000 	C:\WINDOWS\System32\SHELL32.dll
0x00007ffe738d0000 - 0x00007ffe73919000 	C:\WINDOWS\System32\cfgmgr32.dll
0x00007ffe76490000 - 0x00007ffe76538000 	C:\WINDOWS\System32\shcore.dll
0x00007ffe73920000 - 0x00007ffe74033000 	C:\WINDOWS\System32\windows.storage.dll
0x00007ffe76cd0000 - 0x00007ffe76d21000 	C:\WINDOWS\System32\shlwapi.dll
0x00007ffe73410000 - 0x00007ffe73421000 	C:\WINDOWS\System32\kernel.appcore.dll
0x00007ffe733f0000 - 0x00007ffe7340f000 	C:\WINDOWS\System32\profapi.dll
0x00007ffe73390000 - 0x00007ffe733dc000 	C:\WINDOWS\System32\powrprof.dll
0x00007ffe733e0000 - 0x00007ffe733ea000 	C:\WINDOWS\System32\FLTLIB.DLL
0x00007ffe76f00000 - 0x00007ffe77052000 	C:\WINDOWS\System32\ole32.dll
0x00007ffe76260000 - 0x00007ffe762cc000 	C:\WINDOWS\System32\WS2_32.dll
0x00007ffe75b30000 - 0x00007ffe75bf2000 	C:\WINDOWS\System32\OLEAUT32.dll
0x00007ffe6a360000 - 0x00007ffe6a3e5000 	C:\WINDOWS\SYSTEM32\WINSPOOL.DRV
0x00007ffe6a260000 - 0x00007ffe6a26a000 	C:\WINDOWS\SYSTEM32\VERSION.dll
0x00007ffe6d8d0000 - 0x00007ffe6da85000 	C:\WINDOWS\SYSTEM32\PROPSYS.dll
0x00007ffe72750000 - 0x00007ffe72788000 	C:\WINDOWS\SYSTEM32\IPHLPAPI.DLL
0x00007ffe73030000 - 0x00007ffe73055000 	C:\WINDOWS\SYSTEM32\bcrypt.dll
0x00007ffe732c0000 - 0x00007ffe732f0000 	C:\WINDOWS\SYSTEM32\SspiCli.dll
0x00007ffe71b80000 - 0x00007ffe71bb1000 	C:\WINDOWS\SYSTEM32\ntmarta.dll
0x0000000002240000 - 0x0000000002253000 	C:\WINDOWS\System32\umppc14105.dll
0x00007ffe73160000 - 0x00007ffe73284000 	C:\Program Files\Avecto\Privilege Guard Client\PGHook.dll
0x00007ffe730a0000 - 0x00007ffe730b7000 	C:\WINDOWS\SYSTEM32\CRYPTSP.dll
0x00007ffe73060000 - 0x00007ffe73093000 	C:\WINDOWS\system32\rsaenh.dll
0x00007ffe73020000 - 0x00007ffe7302b000 	C:\WINDOWS\SYSTEM32\CRYPTBASE.dll
0x00007ffe4b240000 - 0x00007ffe4b2e4000 	C:\Program Files\McAfee\Endpoint Security\Threat Prevention\Ips\EpMPApi.dll
0x0000000002290000 - 0x00000000022e7000 	C:\WINDOWS\System32\WINTRUST.dll
0x00007ffe73430000 - 0x00007ffe73442000 	C:\WINDOWS\System32\MSASN1.dll
0x00007ffe74330000 - 0x00007ffe74512000 	C:\WINDOWS\System32\CRYPT32.dll
0x0000000054790000 - 0x000000005479c000 	C:\Program Files\McAfee\Endpoint Security\Threat Prevention\Ips\EpMPThe.dll
0x00000000540a0000 - 0x0000000054171000 	C:\Program Files\Java\jre1.8.0_192\bin\msvcr100.dll
0x0000000050f40000 - 0x00000000517e3000 	C:\Program Files\Java\jre1.8.0_192\bin\server\jvm.dll
0x00000000022f0000 - 0x00000000022f8000 	C:\WINDOWS\System32\PSAPI.DLL
0x00007ffe5fe80000 - 0x00007ffe5fe89000 	C:\WINDOWS\SYSTEM32\WSOCK32.dll
0x00007ffe69f80000 - 0x00007ffe69fa3000 	C:\WINDOWS\SYSTEM32\WINMM.dll
0x00007ffe69e20000 - 0x00007ffe69e4a000 	C:\WINDOWS\SYSTEM32\WINMMBASE.dll
0x00007ffe6ba10000 - 0x00007ffe6ba1f000 	C:\Program Files\Java\jre1.8.0_192\bin\verify.dll
0x00007ffe55130000 - 0x00007ffe55159000 	C:\Program Files\Java\jre1.8.0_192\bin\java.dll
0x00007ffe600d0000 - 0x00007ffe600e6000 	C:\Program Files\Java\jre1.8.0_192\bin\zip.dll
0x00007ffe54670000 - 0x00007ffe5468a000 	C:\Program Files\Java\jre1.8.0_192\bin\net.dll
0x00007ffe729f0000 - 0x00007ffe72a56000 	C:\WINDOWS\system32\mswsock.dll
0x00007ffe76bb0000 - 0x00007ffe76bb8000 	C:\WINDOWS\System32\NSI.dll
0x00007ffe6ae80000 - 0x00007ffe6ae96000 	C:\WINDOWS\SYSTEM32\dhcpcsvc6.DLL
0x00007ffe6ad70000 - 0x00007ffe6ad8a000 	C:\WINDOWS\SYSTEM32\dhcpcsvc.DLL
0x00007ffe72790000 - 0x00007ffe7284e000 	C:\WINDOWS\SYSTEM32\DNSAPI.dll
0x00007ffe696e0000 - 0x00007ffe696ea000 	C:\Windows\System32\rasadhlp.dll
0x00007ffe6ac70000 - 0x00007ffe6ace2000 	C:\WINDOWS\System32\fwpuclnt.dll
0x00007ffe5f920000 - 0x00007ffe5f92d000 	C:\Program Files\Java\jre1.8.0_192\bin\management.dll
0x00007ffe59700000 - 0x00007ffe59716000 	C:\WINDOWS\system32\napinsp.dll
0x00007ffe596c0000 - 0x00007ffe596da000 	C:\WINDOWS\system32\pnrpnsp.dll
0x00007ffe6cf30000 - 0x00007ffe6cf49000 	C:\WINDOWS\system32\NLAapi.dll
0x00007ffe59680000 - 0x00007ffe5968e000 	C:\WINDOWS\System32\winrnr.dll
0x00007ffe59620000 - 0x00007ffe59635000 	C:\WINDOWS\System32\wshbth.dll
0x00007ffe530b0000 - 0x00007ffe530c1000 	C:\Program Files\Java\jre1.8.0_192\bin\nio.dll
0x00007ffe73290000 - 0x00007ffe732b8000 	C:\WINDOWS\SYSTEM32\USERENV.dll

VM Arguments:
jvm_args: -Dfile.encoding=UTF-8 
java_command: com.groupbuysg.product.ProductServiceApplication
java_class_path (initial): C:\Git\GroupBuySG\product-service\target\classes;C:\Users\P1325359\.m2\repository\org\springframework\boot\spring-boot-starter-data-jpa\2.5.5\spring-boot-starter-data-jpa-2.5.5.jar;C:\Users\P1325359\.m2\repository\org\springframework\boot\spring-boot-starter-aop\2.5.5\spring-boot-starter-aop-2.5.5.jar;C:\Users\P1325359\.m2\repository\org\springframework\spring-aop\5.3.10\spring-aop-5.3.10.jar;C:\Users\P1325359\.m2\repository\org\aspectj\aspectjweaver\1.9.7\aspectjweaver-1.9.7.jar;C:\Users\P1325359\.m2\repository\org\springframework\boot\spring-boot-starter-jdbc\2.5.5\spring-boot-starter-jdbc-2.5.5.jar;C:\Users\P1325359\.m2\repository\com\zaxxer\HikariCP\4.0.3\HikariCP-4.0.3.jar;C:\Users\P1325359\.m2\repository\org\springframework\spring-jdbc\5.3.10\spring-jdbc-5.3.10.jar;C:\Users\P1325359\.m2\repository\jakarta\transaction\jakarta.transaction-api\1.3.3\jakarta.transaction-api-1.3.3.jar;C:\Users\P1325359\.m2\repository\jakarta\persistence\jakarta.persistence-api\2.2.3\jakarta.persistence-api-2.2.3.jar;C:\Users\P1325359\.m2\repository\org\springframework\data\spring-data-jpa\2.5.5\spring-data-jpa-2.5.5.jar;C:\Users\P1325359\.m2\repository\org\springframework\data\spring-data-commons\2.5.5\spring-data-commons-2.5.5.jar;C:\Users\P1325359\.m2\repository\org\springframework\spring-orm\5.3.10\spring-orm-5.3.10.jar;C:\Users\P1325359\.m2\repository\org\springframework\spring-context\5.3.10\spring-context-5.3.10.jar;C:\Users\P1325359\.m2\repository\org\springframework\spring-tx\5.3.10\spring-tx-5.3.10.jar;C:\Users\P1325359\.m2\repository\org\springframework\spring-beans\5.3.10\spring-beans-5.3.10.jar;C:\Users\P1325359\.m2\repository\org\slf4j\slf4j-api\1.7.32\slf4j-api-1.7.32.jar;C:\Users\P1325359\.m2\repository\org\springframework\spring-aspects\5.3.10\spring-aspects-5.3.10.jar;C:\Users\P1325359\.m2\repository\org\springframework\boot\spring-boot-starter-web\2.5.5\spring-boot-starter-web-2.5.5.jar;C:\Users\P1325359\.m2\repository\org\springframew
Launcher Type: SUN_STANDARD

Environment Variables:
JAVA_HOME=C:\Program Files\Java\jdk1.8.0_192
PATH=C:/Program Files/Java/jre1.8.0_192/bin/server;C:/Program Files/Java/jre1.8.0_192/bin;C:/Program Files/Java/jre1.8.0_192/lib/amd64;C:\Program Files (x86)\Intel\Intel(R) Management Engine Components\iCLS\;C:\Program Files\Intel\Intel(R) Management Engine Components\iCLS\;C:\Program Files (x86)\Common Files\Oracle\Java\javapath;C:\WINDOWS\system32;C:\WINDOWS;C:\WINDOWS\System32\Wbem;C:\WINDOWS\System32\WindowsPowerShell\v1.0\;C:\WINDOWS\System32\OpenSSH\;C:\Program Files (x86)\Intel\Intel(R) Management Engine Components\DAL;C:\Program Files\Intel\Intel(R) Management Engine Components\DAL;C:\Program Files (x86)\Intel\Intel(R) Management Engine Components\IPT;C:\Program Files\Intel\Intel(R) Management Engine Components\IPT;C:\Program Files\Intel\WiFi\bin\;C:\Program Files\Common Files\Intel\WirelessCommon\;C:\Program Files\TortoiseSVN\bin;C:\Program Files\nodejs\;C:\Program Files\Java\jdk1.8.0_192\bin;C:\apache-maven-3.5.4\bin;C:\Program Files\PuTTY\;C:\Program Files\TortoiseGit\bin;C:\Program Files\Git\cmd;C:\Program Files\Git\mingw64\bin;C:\Program Files\Git\usr\bin;C:\HashiCorp\Vagrant\bin;C:\Program Files\Docker\Docker\resources\bin;C:\ProgramData\DockerDesktop\version-bin;C:\Users\P1325359\AppData\Local\Microsoft\WindowsApps;C:\Users\P1325359\AppData\Roaming\npm;C:\Users\P1325359\AppData\Local\Programs\Microsoft VS Code\bin;C:\eclipse-java-2019-06;
USERNAME=P1325359
OS=Windows_NT
PROCESSOR_IDENTIFIER=Intel64 Family 6 Model 142 Stepping 10, GenuineIntel



---------------  S Y S T E M  ---------------

OS: Windows 10.0 , 64 bit Build 17134 (10.0.17134.2145)

CPU:total 8 (initial active 8) (4 cores per cpu, 2 threads per core) family 6 model 142 stepping 10, cmov, cx8, fxsr, mmx, sse, sse2, sse3, ssse3, sse4.1, sse4.2, popcnt, avx, avx2, aes, clmul, erms, 3dnowpref, lzcnt, ht, tsc, tscinvbit, bmi1, bmi2, adx

Memory: 4k page, physical 16665812k(2357416k free), swap 32250904k(7964k free)

vm_info: Java HotSpot(TM) 64-Bit Server VM (25.192-b12) for windows-amd64 JRE (1.8.0_192-b12), built on Oct  6 2018 17:12:23 by "java_re" with MS VC++ 10.0 (VS2010)

time: Fri Oct 08 01:15:33 2021
timezone: Malay Peninsula Standard Time
elapsed time: 15 seconds (0d 0h 0m 15s)

